{
  "RSpec": {
    "coverage": {
      "/Users/andela/Desktop/project/shot/app/helpers/application_helper.rb": [
        1,
        null
      ],
      "/Users/andela/Desktop/project/shot/app/helpers/links_helper.rb": [
        1,
        null
      ],
      "/Users/andela/Desktop/project/shot/app/helpers/message_helper.rb": [
        1,
        null,
        1,
        10,
        null,
        null,
        1,
        0,
        null,
        null,
        1,
        3,
        null,
        null,
        1,
        4,
        null,
        null,
        1,
        4,
        null,
        null,
        1,
        8,
        null,
        null,
        1,
        1,
        null,
        null,
        1,
        8,
        null,
        null,
        1,
        1,
        null,
        null,
        1,
        0,
        null,
        null,
        1,
        1,
        null,
        null,
        1,
        2,
        null,
        null,
        1,
        1,
        null,
        null,
        1,
        4,
        null,
        null,
        1,
        5,
        null,
        null
      ],
      "/Users/andela/Desktop/project/shot/app/helpers/redirects_helper.rb": [
        1,
        1,
        1,
        2,
        null,
        null,
        null,
        null,
        null,
        null,
        null,
        2,
        null,
        null
      ],
      "/Users/andela/Desktop/project/shot/app/helpers/users_helper.rb": [
        1,
        null
      ],
      "/Users/andela/Desktop/project/shot/app/controllers/links_controller.rb": [
        1,
        1,
        1,
        1,
        1,
        null,
        1,
        19,
        19,
        19,
        19,
        null,
        null,
        1,
        9,
        9,
        9,
        8,
        8,
        8,
        null,
        1,
        1,
        null,
        null,
        null,
        1,
        1,
        1,
        1,
        null,
        null,
        null,
        1,
        1,
        1,
        1,
        null,
        null,
        1,
        2,
        2,
        2,
        null,
        null,
        null,
        1,
        1,
        1,
        1,
        null,
        null,
        1,
        null,
        1,
        11,
        null,
        null,
        1,
        0,
        null,
        null,
        1,
        5,
        null,
        null,
        1,
        0,
        null,
        null,
        1,
        9,
        6,
        6,
        6,
        null,
        null,
        null,
        1,
        11,
        11,
        11,
        11,
        null,
        null
      ],
      "/Users/andela/Desktop/project/shot/app/controllers/application_controller.rb": [
        1,
        1,
        null,
        null,
        1,
        null,
        1,
        null,
        1,
        44,
        4,
        4,
        4,
        null,
        null,
        null
      ],
      "/Users/andela/Desktop/project/shot/app/controllers/concerns/utility.rb": [
        1,
        1,
        1,
        27,
        null,
        null,
        null
      ],
      "/Users/andela/Desktop/project/shot/spec/controllers/redirects_controller_spec.rb": [
        1,
        null,
        1,
        null,
        1,
        2,
        2,
        null,
        null,
        1,
        2,
        2,
        null,
        null,
        1,
        1,
        1,
        1,
        null,
        1,
        1,
        1,
        1,
        1,
        null,
        null,
        null,
        1,
        1,
        1,
        1,
        1,
        null,
        null,
        null,
        1,
        1,
        null,
        1,
        1,
        1,
        1,
        null,
        null,
        null,
        null
      ],
      "/Users/andela/Desktop/project/shot/app/controllers/redirects_controller.rb": [
        1,
        1,
        1,
        null,
        1,
        null,
        null,
        1,
        8,
        8,
        null,
        4,
        2,
        null,
        2,
        null,
        null,
        null,
        1,
        null,
        null,
        1,
        null,
        1,
        2,
        2,
        2,
        null,
        null,
        null
      ],
      "/Users/andela/Desktop/project/shot/app/models/link.rb": [
        1,
        1,
        1,
        1,
        null,
        21,
        21,
        1,
        null,
        null,
        null,
        1,
        1,
        null,
        null,
        1,
        0,
        0,
        null,
        null,
        1,
        204,
        null,
        null
      ],
      "/Users/andela/Desktop/project/shot/spec/controllers/users_controller_spec.rb": [
        1,
        null,
        1,
        null,
        1,
        1,
        2,
        null,
        1,
        2,
        1,
        1,
        null,
        null,
        null,
        null,
        1,
        null,
        1,
        1,
        1,
        1,
        null,
        1,
        1,
        1,
        null,
        null,
        null,
        1,
        1,
        1,
        1,
        null,
        1,
        null,
        null,
        null,
        1,
        1,
        1,
        1,
        null,
        1,
        null,
        null,
        null,
        null,
        1,
        1,
        2,
        2,
        2,
        2,
        2,
        null,
        null,
        1,
        1,
        1,
        null,
        1,
        1,
        1,
        null,
        null,
        null,
        null,
        1,
        2,
        1,
        2,
        null,
        null,
        null,
        1,
        1,
        3,
        3,
        null,
        1,
        2,
        2,
        1,
        1,
        null,
        null,
        null,
        null,
        1,
        1,
        1,
        3,
        null,
        2,
        2,
        1,
        1,
        null,
        null,
        null,
        null,
        1,
        4,
        1,
        2,
        2,
        1,
        1,
        null,
        null,
        null,
        null
      ],
      "/Users/andela/Desktop/project/shot/app/controllers/users_controller.rb": [
        1,
        1,
        1,
        1,
        null,
        1,
        13,
        null,
        null,
        1,
        13,
        13,
        10,
        10,
        10,
        null,
        3,
        3,
        null,
        null,
        null,
        1,
        35,
        35,
        null,
        null,
        1,
        null,
        null,
        1,
        8,
        8,
        4,
        4,
        4,
        null,
        4,
        4,
        null,
        null,
        null,
        1,
        5,
        5,
        5,
        null,
        null,
        1,
        null,
        1,
        13,
        null,
        null,
        1,
        35,
        null,
        null,
        1,
        8,
        5,
        null,
        null,
        null,
        1,
        8,
        null,
        null
      ],
      "/Users/andela/Desktop/project/shot/spec/features/dashboards_spec.rb": [
        1,
        null,
        1,
        1,
        6,
        6,
        null,
        null,
        1,
        1,
        null,
        1,
        1,
        1,
        1,
        1,
        null,
        null,
        1,
        1,
        null,
        1,
        1,
        1,
        1,
        1,
        null,
        null,
        1,
        1,
        1,
        1,
        1,
        1,
        1,
        null,
        1,
        1,
        1,
        1,
        1,
        null,
        null,
        1,
        1,
        1,
        1,
        1,
        1,
        1,
        1,
        null,
        null,
        1,
        1,
        1,
        1,
        1,
        1,
        1,
        1,
        1,
        null,
        null,
        1,
        1,
        1,
        1,
        1,
        1,
        1,
        null,
        null,
        1,
        6,
        6,
        6,
        6,
        6,
        null,
        null
      ],
      "/Users/andela/Desktop/project/shot/spec/features/index_pages_spec.rb": [
        1,
        null,
        1,
        1,
        1,
        1,
        1,
        1,
        null,
        null,
        1,
        1,
        1,
        1,
        1,
        1,
        1,
        null,
        null,
        null,
        1,
        1,
        1,
        1,
        1,
        1,
        1,
        1,
        1,
        1,
        1,
        1,
        1,
        null,
        null,
        1,
        1,
        1,
        1,
        1,
        1,
        1,
        1,
        null,
        null,
        1,
        1,
        1,
        1,
        1,
        1,
        1,
        1,
        1,
        null,
        null,
        1,
        1,
        1,
        1,
        1,
        1,
        1,
        1,
        1,
        1,
        null,
        null
      ],
      "/Users/andela/Desktop/project/shot/spec/models/link_spec.rb": [
        1,
        null,
        1,
        null,
        1,
        null,
        1,
        2,
        2,
        null,
        null,
        1,
        10,
        2,
        2,
        2,
        null,
        2,
        2,
        2,
        2,
        2,
        2,
        null,
        null,
        1,
        1,
        1,
        null,
        1,
        1,
        null,
        null,
        null
      ],
      "/Users/andela/Desktop/project/shot/spec/models/user_spec.rb": [
        1,
        null,
        1,
        null,
        1,
        2,
        2,
        2,
        2,
        2,
        2,
        2,
        2,
        2,
        2,
        2,
        2,
        null,
        null,
        1,
        2,
        null,
        null,
        1,
        1,
        1,
        null,
        null,
        null
      ],
      "/Users/andela/Desktop/project/shot/app/models/user.rb": [
        1,
        null,
        1,
        1,
        null,
        1,
        1,
        null,
        1,
        null,
        1,
        null,
        null,
        null,
        null,
        21,
        null
      ],
      "/Users/andela/Desktop/project/shot/spec/models/visit_spec.rb": [
        1,
        null,
        1,
        1,
        2,
        2,
        2,
        2,
        2,
        null,
        null,
        1,
        2,
        null,
        null
      ],
      "/Users/andela/Desktop/project/shot/app/models/visit.rb": [
        1,
        1,
        1,
        null
      ]
    },
    "timestamp": 1475519175
  }
}
