{
  "RSpec": {
    "coverage": {
      "/Users/andela/Desktop/project/shot/config/environment.rb": [
        null,
        1,
        null,
        null,
        1
      ],
      "/Users/andela/Desktop/project/shot/config/application.rb": [
        1,
        null,
        1,
        null,
        null,
        null,
        1,
        null,
        1,
        1,
        null,
        null,
        null,
        null,
        null,
        null,
        null,
        null,
        null,
        null,
        null,
        null,
        null,
        1,
        null,
        null
      ],
      "/Users/andela/Desktop/project/shot/config/boot.rb": [
        1,
        null,
        1
      ],
      "/Users/andela/Desktop/project/shot/config/environments/test.rb": [
        1,
        null,
        null,
        null,
        null,
        null,
        null,
        1,
        null,
        null,
        null,
        null,
        1,
        null,
        null,
        1,
        1,
        null,
        null,
        1,
        1,
        null,
        null,
        1,
        null,
        null,
        1,
        null,
        null,
        null,
        null,
        1,
        null,
        null,
        1,
        null,
        null,
        1,
        null,
        null,
        1,
        null,
        null,
        null
      ],
      "/Users/andela/Desktop/project/shot/config/initializers/assets.rb": [
        null,
        null,
        null,
        1,
        null,
        null,
        null,
        null,
        null,
        null,
        null
      ],
      "/Users/andela/Desktop/project/shot/config/initializers/backtrace_silencers.rb": [
        null,
        null,
        null,
        null,
        null,
        null,
        null
      ],
      "/Users/andela/Desktop/project/shot/config/initializers/cookies_serializer.rb": [
        null,
        null,
        1
      ],
      "/Users/andela/Desktop/project/shot/config/initializers/filter_parameter_logging.rb": [
        null,
        null,
        null,
        1
      ],
      "/Users/andela/Desktop/project/shot/config/initializers/inflections.rb": [
        null,
        null,
        null,
        null,
        null,
        null,
        null,
        null,
        null,
        null,
        null,
        null,
        null,
        null,
        null,
        null
      ],
      "/Users/andela/Desktop/project/shot/config/initializers/mime_types.rb": [
        null,
        null,
        null,
        null
      ],
      "/Users/andela/Desktop/project/shot/config/initializers/session_store.rb": [
        null,
        null,
        1
      ],
      "/Users/andela/Desktop/project/shot/config/initializers/wrap_parameters.rb": [
        null,
        null,
        null,
        null,
        null,
        null,
        1,
        1,
        null,
        null,
        null,
        null,
        null,
        null
      ],
      "/Users/andela/Desktop/project/shot/config/routes.rb": [
        1,
        1,
        null,
        1,
        1,
        1,
        1,
        1,
        1,
        1,
        1,
        null,
        null,
        1,
        1,
        1,
        1,
        1,
        1,
        1,
        null,
        null,
        1,
        1,
        1,
        1,
        null,
        null
      ],
      "/Users/andela/Desktop/project/shot/app/helpers/application_helper.rb": [
        1,
        null
      ],
      "/Users/andela/Desktop/project/shot/app/helpers/links_helper.rb": [
        1,
        null
      ],
      "/Users/andela/Desktop/project/shot/app/helpers/redirects_helper.rb": [
        1,
        1,
        1,
        2,
        null,
        null,
        null,
        null,
        null,
        null,
        null,
        2,
        null,
        null
      ],
      "/Users/andela/Desktop/project/shot/app/helpers/users_helper.rb": [
        1,
        null
      ],
      "/Users/andela/Desktop/project/shot/app/controllers/links_controller.rb": [
        1,
        1,
        1,
        1,
        1,
        null,
        1,
        19,
        19,
        19,
        19,
        null,
        null,
        1,
        9,
        9,
        9,
        8,
        8,
        8,
        null,
        1,
        1,
        null,
        null,
        null,
        1,
        1,
        1,
        1,
        null,
        null,
        null,
        1,
        1,
        1,
        1,
        null,
        null,
        1,
        2,
        2,
        2,
        null,
        null,
        null,
        1,
        1,
        1,
        1,
        null,
        null,
        1,
        null,
        1,
        11,
        null,
        null,
        1,
        0,
        null,
        null,
        1,
        5,
        null,
        null,
        1,
        0,
        null,
        null,
        1,
        9,
        6,
        6,
        6,
        null,
        null,
        null,
        1,
        11,
        11,
        11,
        11,
        null,
        null
      ],
      "/Users/andela/Desktop/project/shot/app/controllers/application_controller.rb": [
        1,
        null,
        null,
        1,
        null,
        1,
        null,
        1,
        44,
        4,
        4,
        4,
        null,
        null,
        null
      ],
      "/Users/andela/Desktop/project/shot/app/controllers/concerns/utility.rb": [
        1,
        1,
        1,
        27,
        null,
        null,
        null
      ],
      "/Users/andela/Desktop/project/shot/app/controllers/redirects_controller.rb": [
        1,
        1,
        1,
        null,
        1,
        null,
        null,
        1,
        8,
        8,
        4,
        2,
        null,
        2,
        null,
        null,
        4,
        null,
        null,
        null,
        null,
        1,
        null,
        null,
        1,
        null,
        1,
        2,
        2,
        2,
        null,
        null,
        null
      ],
      "/Users/andela/Desktop/project/shot/app/models/link.rb": [
        1,
        1,
        1,
        1,
        null,
        21,
        21,
        1,
        null,
        null,
        null,
        1,
        1,
        null,
        null,
        1,
        0,
        0,
        null,
        null,
        1,
        204,
        null,
        null
      ],
      "/Users/andela/Desktop/project/shot/app/controllers/users_controller.rb": [
        1,
        1,
        1,
        1,
        null,
        1,
        13,
        null,
        null,
        1,
        13,
        13,
        10,
        10,
        10,
        null,
        3,
        3,
        null,
        null,
        null,
        1,
        35,
        35,
        null,
        null,
        1,
        null,
        null,
        1,
        8,
        8,
        4,
        4,
        4,
        null,
        4,
        4,
        null,
        null,
        null,
        1,
        5,
        5,
        5,
        null,
        null,
        1,
        null,
        1,
        13,
        null,
        null,
        1,
        35,
        null,
        null,
        1,
        8,
        5,
        null,
        null,
        null,
        1,
        8,
        null,
        null
      ],
      "/Users/andela/Desktop/project/shot/app/models/user.rb": [
        1,
        null,
        1,
        1,
        null,
        1,
        1,
        null,
        1,
        null,
        1,
        null,
        null,
        null,
        null,
        21,
        null
      ],
      "/Users/andela/Desktop/project/shot/app/models/visit.rb": [
        1,
        1,
        1,
        null
      ],
      "/Users/andela/Desktop/project/shot/app/controllers/message.rb": [
        1,
        null,
        1,
        10,
        null,
        null,
        1,
        0,
        null,
        null,
        1,
        3,
        null,
        null,
        1,
        4,
        null,
        null,
        1,
        4,
        null,
        null,
        1,
        8,
        null,
        null,
        1,
        1,
        null,
        null,
        1,
        8,
        null,
        null,
        1,
        1,
        null,
        null,
        1,
        0,
        null,
        null,
        1,
        1,
        null,
        null,
        1,
        2,
        null,
        null,
        1,
        1,
        null,
        null,
        1,
        4,
        null,
        null,
        1,
        5,
        null,
        null
      ]
    },
    "timestamp": 1475514032
  }
}
